<?xml version="1.0" encoding="UTF-8"?>
<!-- Generated by org.testng.reporters.JUnitReportReporter -->
<testsuite hostname="pnt123" name="com.amazon.SignUp" tests="1" failures="0" timestamp="19 Apr 2015 15:41:35 GMT" time="15.167" errors="0">
  <testcase name="signIn" time="15.167" classname="com.amazon.SignUp"/>
</testsuite> <!-- com.amazon.SignUp -->
