<?xml version="1.0" encoding="UTF-8"?>
<!-- Generated by org.testng.reporters.JUnitReportReporter -->
<testsuite hostname="pnt123" name="com.amazon.Search" tests="1" failures="0" timestamp="19 Apr 2015 19:41:39 GMT" time="206.934" errors="0">
  <testcase name="searchItems" time="206.934" classname="com.amazon.Search"/>
</testsuite> <!-- com.amazon.Search -->
